\BOOKMARK [1][-]{section.1}{Introduction}{}% 1
\BOOKMARK [1][-]{section.2}{LoRaWAN}{}% 2
\BOOKMARK [2][-]{subsection.2.1}{Convention\040de\040nommage\040}{section.2}% 3
\BOOKMARK [2][-]{subsection.2.2}{LPWAN}{section.2}% 4
\BOOKMARK [2][-]{subsection.2.3}{LoRaWAN}{section.2}% 5
\BOOKMARK [3][-]{subsubsection.2.3.1}{LoRa\040Alliance}{subsection.2.3}% 6
\BOOKMARK [3][-]{subsubsection.2.3.2}{Les différentes couches d'un réseaux LoRaWAN}{subsection.2.3}% 7
\BOOKMARK [3][-]{subsubsection.2.3.3}{Différence entre le LoRa et LoRaWAN}{subsection.2.3}% 8
\BOOKMARK [3][-]{subsubsection.2.3.4}{Architecture d'un réseaux LoRaWAN}{subsection.2.3}% 9
\BOOKMARK [3][-]{subsubsection.2.3.5}{Sécurité d'un réseaux LoRaWAN}{subsection.2.3}% 10
\BOOKMARK [3][-]{subsubsection.2.3.6}{Classe\040A\040:\040All\040end-devices}{subsection.2.3}% 11
\BOOKMARK [3][-]{subsubsection.2.3.7}{Classe\040B\040:\040Beacon}{subsection.2.3}% 12
\BOOKMARK [3][-]{subsubsection.2.3.8}{Classe\040C\040:\040Continiously\040listening}{subsection.2.3}% 13
\BOOKMARK [1][-]{section.3}{Problème}{}% 14
\BOOKMARK [1][-]{section.4}{Solutions}{}% 15
\BOOKMARK [2][-]{subsection.4.1}{Algorithme}{section.4}% 16
\BOOKMARK [3][-]{subsubsection.4.1.1}{les\040messages\040IN\040LGW}{subsection.4.1}% 17
\BOOKMARK [3][-]{subsubsection.4.1.2}{les\040messages\040LGW\040IN}{subsection.4.1}% 18
\BOOKMARK [2][-]{subsection.4.2}{Liste des fonctions utilisées}{section.4}% 19
\BOOKMARK [3][-]{subsubsection.4.2.1}{Fonction d'émission}{subsection.4.2}% 20
\BOOKMARK [3][-]{subsubsection.4.2.2}{Fonction de réception}{subsection.4.2}% 21
\BOOKMARK [2][-]{subsection.4.3}{Algorithme\0401\040-\0401}{section.4}% 22
\BOOKMARK [3][-]{subsubsection.4.3.1}{Algorithme\040des\040IN}{subsection.4.3}% 23
\BOOKMARK [3][-]{subsubsection.4.3.2}{Algorithme\040des\040LGW}{subsection.4.3}% 24
\BOOKMARK [3][-]{subsubsection.4.3.3}{Algorithme\040k/1\040:\040k\040IN\040<->\0401\040LGW}{subsection.4.3}% 25
\BOOKMARK [2][-]{subsection.4.4}{Chronogrammes}{section.4}% 26
\BOOKMARK [3][-]{subsubsection.4.4.1}{Phase de découverte et d'enregistrement}{subsection.4.4}% 27
\BOOKMARK [3][-]{subsubsection.4.4.2}{Phase\040de\040collecte}{subsection.4.4}% 28
\BOOKMARK [1][-]{section.5}{Simulation}{}% 29
\BOOKMARK [2][-]{subsection.5.1}{Le\040simulateur\040:\040Omnet++}{section.5}% 30
\BOOKMARK [2][-]{subsection.5.2}{Génération des graphes}{section.5}% 31
\BOOKMARK [2][-]{subsection.5.3}{Représentation des échanges radio}{section.5}% 32
\BOOKMARK [2][-]{subsection.5.4}{Exemples\040de\040simulations\040graphiques}{section.5}% 33
\BOOKMARK [3][-]{subsubsection.5.4.1}{Simulation\040sur\040une\040chaine}{subsection.5.4}% 34
\BOOKMARK [3][-]{subsubsection.5.4.2}{Simulation\040avec\0403\040IN\040sur\040une\040LGW}{subsection.5.4}% 35
\BOOKMARK [3][-]{subsubsection.5.4.3}{Simulation à plus grande echelle }{subsection.5.4}% 36
\BOOKMARK [1][-]{section.6}{Programmation}{}% 37
\BOOKMARK [2][-]{subsection.6.1}{LoPy}{section.6}% 38
\BOOKMARK [3][-]{subsubsection.6.1.1}{Isolated\040Node}{subsection.6.1}% 39
\BOOKMARK [3][-]{subsubsection.6.1.2}{LoRaGateway}{subsection.6.1}% 40
\BOOKMARK [1][-]{section.7}{Problèmes rencontrés}{}% 41
\BOOKMARK [1][-]{section.8}{Conclusion}{}% 42
\BOOKMARK [1][-]{section.8}{Table\040des\040figures}{}% 43
\BOOKMARK [1][-]{section.8}{Liste\040des\040algorithmes}{}% 44
\BOOKMARK [1][-]{section*.77}{Annexes}{}% 45
\BOOKMARK [1][-]{Annexe.a.A}{Code\040iGraph}{}% 46
\BOOKMARK [1][-]{Annexe.a.B}{Code\040Omnet++}{}% 47
\BOOKMARK [2][-]{subsection.a.B.1}{Fichier\040.h}{Annexe.a.B}% 48
\BOOKMARK [2][-]{subsection.a.B.2}{Fichier\040.cpp}{Annexe.a.B}% 49
\BOOKMARK [1][-]{Annexe.a.C}{Arborescence\040des\040fichiers}{}% 50
